libtiff.lib(tif_win32.obj) : warning LNK4075: /EDITANDCONTINUE は /INCREMENTAL:NO の指定によって無視されます。
     ライブラリ E:\3DAirHockey\AirHockey\proj.win32\Debug.win32\libcocos2d.lib とオブジェクト E:\3DAirHockey\AirHockey\proj.win32\Debug.win32\libcocos2d.exp を作成中
LINK : warning LNK4098: defaultlib 'LIBCMT' は他のライブラリの使用と競合しています。/NODEFAULTLIB:library を使用してください。
LINK : warning LNK4098: defaultlib 'MSVCRT' は他のライブラリの使用と競合しています。/NODEFAULTLIB:library を使用してください。
libtiff.lib(tif_aux.obj) : warning LNK4099: PDB 'vc140.pdb' が 'libtiff.lib(tif_aux.obj)' で、または 'E:\3DAirHockey\AirHockey\proj.win32\Debug.win32\vc140.pdb' に見つかりません。デバッグ情報がないものとして、オブジェクトにリンクします。
libtiff.lib(tif_close.obj) : warning LNK4099: PDB 'vc140.pdb' が 'libtiff.lib(tif_close.obj)' で、または 'E:\3DAirHockey\AirHockey\proj.win32\Debug.win32\vc140.pdb' に見つかりません。デバッグ情報がないものとして、オブジェクトにリンクします。
libtiff.lib(tif_codec.obj) : warning LNK4099: PDB 'vc140.pdb' が 'libtiff.lib(tif_codec.obj)' で、または 'E:\3DAirHockey\AirHockey\proj.win32\Debug.win32\vc140.pdb' に見つかりません。デバッグ情報がないものとして、オブジェクトにリンクします。
libtiff.lib(tif_color.obj) : warning LNK4099: PDB 'vc140.pdb' が 'libtiff.lib(tif_color.obj)' で、または 'E:\3DAirHockey\AirHockey\proj.win32\Debug.win32\vc140.pdb' に見つかりません。デバッグ情報がないものとして、オブジェクトにリンクします。
libtiff.lib(tif_compress.obj) : warning LNK4099: PDB 'vc140.pdb' が 'libtiff.lib(tif_compress.obj)' で、または 'E:\3DAirHockey\AirHockey\proj.win32\Debug.win32\vc140.pdb' に見つかりません。デバッグ情報がないものとして、オブジェクトにリンクします。
libtiff.lib(tif_dir.obj) : warning LNK4099: PDB 'vc140.pdb' が 'libtiff.lib(tif_dir.obj)' で、または 'E:\3DAirHockey\AirHockey\proj.win32\Debug.win32\vc140.pdb' に見つかりません。デバッグ情報がないものとして、オブジェクトにリンクします。
libtiff.lib(tif_dirinfo.obj) : warning LNK4099: PDB 'vc140.pdb' が 'libtiff.lib(tif_dirinfo.obj)' で、または 'E:\3DAirHockey\AirHockey\proj.win32\Debug.win32\vc140.pdb' に見つかりません。デバッグ情報がないものとして、オブジェクトにリンクします。
libtiff.lib(tif_dirread.obj) : warning LNK4099: PDB 'vc140.pdb' が 'libtiff.lib(tif_dirread.obj)' で、または 'E:\3DAirHockey\AirHockey\proj.win32\Debug.win32\vc140.pdb' に見つかりません。デバッグ情報がないものとして、オブジェクトにリンクします。
libtiff.lib(tif_dirwrite.obj) : warning LNK4099: PDB 'vc140.pdb' が 'libtiff.lib(tif_dirwrite.obj)' で、または 'E:\3DAirHockey\AirHockey\proj.win32\Debug.win32\vc140.pdb' に見つかりません。デバッグ情報がないものとして、オブジェクトにリンクします。
libtiff.lib(tif_dumpmode.obj) : warning LNK4099: PDB 'vc140.pdb' が 'libtiff.lib(tif_dumpmode.obj)' で、または 'E:\3DAirHockey\AirHockey\proj.win32\Debug.win32\vc140.pdb' に見つかりません。デバッグ情報がないものとして、オブジェクトにリンクします。
libtiff.lib(tif_error.obj) : warning LNK4099: PDB 'vc140.pdb' が 'libtiff.lib(tif_error.obj)' で、または 'E:\3DAirHockey\AirHockey\proj.win32\Debug.win32\vc140.pdb' に見つかりません。デバッグ情報がないものとして、オブジェクトにリンクします。
libtiff.lib(tif_fax3.obj) : warning LNK4099: PDB 'vc140.pdb' が 'libtiff.lib(tif_fax3.obj)' で、または 'E:\3DAirHockey\AirHockey\proj.win32\Debug.win32\vc140.pdb' に見つかりません。デバッグ情報がないものとして、オブジェクトにリンクします。
libtiff.lib(tif_fax3sm.obj) : warning LNK4099: PDB 'vc140.pdb' が 'libtiff.lib(tif_fax3sm.obj)' で、または 'E:\3DAirHockey\AirHockey\proj.win32\Debug.win32\vc140.pdb' に見つかりません。デバッグ情報がないものとして、オブジェクトにリンクします。
libtiff.lib(tif_getimage.obj) : warning LNK4099: PDB 'vc140.pdb' が 'libtiff.lib(tif_getimage.obj)' で、または 'E:\3DAirHockey\AirHockey\proj.win32\Debug.win32\vc140.pdb' に見つかりません。デバッグ情報がないものとして、オブジェクトにリンクします。
libtiff.lib(tif_flush.obj) : warning LNK4099: PDB 'vc140.pdb' が 'libtiff.lib(tif_flush.obj)' で、または 'E:\3DAirHockey\AirHockey\proj.win32\Debug.win32\vc140.pdb' に見つかりません。デバッグ情報がないものとして、オブジェクトにリンクします。
libtiff.lib(tif_luv.obj) : warning LNK4099: PDB 'vc140.pdb' が 'libtiff.lib(tif_luv.obj)' で、または 'E:\3DAirHockey\AirHockey\proj.win32\Debug.win32\vc140.pdb' に見つかりません。デバッグ情報がないものとして、オブジェクトにリンクします。
libtiff.lib(tif_lzw.obj) : warning LNK4099: PDB 'vc140.pdb' が 'libtiff.lib(tif_lzw.obj)' で、または 'E:\3DAirHockey\AirHockey\proj.win32\Debug.win32\vc140.pdb' に見つかりません。デバッグ情報がないものとして、オブジェクトにリンクします。
libtiff.lib(tif_next.obj) : warning LNK4099: PDB 'vc140.pdb' が 'libtiff.lib(tif_next.obj)' で、または 'E:\3DAirHockey\AirHockey\proj.win32\Debug.win32\vc140.pdb' に見つかりません。デバッグ情報がないものとして、オブジェクトにリンクします。
libtiff.lib(tif_open.obj) : warning LNK4099: PDB 'vc140.pdb' が 'libtiff.lib(tif_open.obj)' で、または 'E:\3DAirHockey\AirHockey\proj.win32\Debug.win32\vc140.pdb' に見つかりません。デバッグ情報がないものとして、オブジェクトにリンクします。
libtiff.lib(tif_packbits.obj) : warning LNK4099: PDB 'vc140.pdb' が 'libtiff.lib(tif_packbits.obj)' で、または 'E:\3DAirHockey\AirHockey\proj.win32\Debug.win32\vc140.pdb' に見つかりません。デバッグ情報がないものとして、オブジェクトにリンクします。
libtiff.lib(tif_predict.obj) : warning LNK4099: PDB 'vc140.pdb' が 'libtiff.lib(tif_predict.obj)' で、または 'E:\3DAirHockey\AirHockey\proj.win32\Debug.win32\vc140.pdb' に見つかりません。デバッグ情報がないものとして、オブジェクトにリンクします。
libtiff.lib(tif_read.obj) : warning LNK4099: PDB 'vc140.pdb' が 'libtiff.lib(tif_read.obj)' で、または 'E:\3DAirHockey\AirHockey\proj.win32\Debug.win32\vc140.pdb' に見つかりません。デバッグ情報がないものとして、オブジェクトにリンクします。
libtiff.lib(tif_swab.obj) : warning LNK4099: PDB 'vc140.pdb' が 'libtiff.lib(tif_swab.obj)' で、または 'E:\3DAirHockey\AirHockey\proj.win32\Debug.win32\vc140.pdb' に見つかりません。デバッグ情報がないものとして、オブジェクトにリンクします。
libtiff.lib(tif_strip.obj) : warning LNK4099: PDB 'vc140.pdb' が 'libtiff.lib(tif_strip.obj)' で、または 'E:\3DAirHockey\AirHockey\proj.win32\Debug.win32\vc140.pdb' に見つかりません。デバッグ情報がないものとして、オブジェクトにリンクします。
libtiff.lib(tif_thunder.obj) : warning LNK4099: PDB 'vc140.pdb' が 'libtiff.lib(tif_thunder.obj)' で、または 'E:\3DAirHockey\AirHockey\proj.win32\Debug.win32\vc140.pdb' に見つかりません。デバッグ情報がないものとして、オブジェクトにリンクします。
libtiff.lib(tif_tile.obj) : warning LNK4099: PDB 'vc140.pdb' が 'libtiff.lib(tif_tile.obj)' で、または 'E:\3DAirHockey\AirHockey\proj.win32\Debug.win32\vc140.pdb' に見つかりません。デバッグ情報がないものとして、オブジェクトにリンクします。
libtiff.lib(tif_warning.obj) : warning LNK4099: PDB 'vc140.pdb' が 'libtiff.lib(tif_warning.obj)' で、または 'E:\3DAirHockey\AirHockey\proj.win32\Debug.win32\vc140.pdb' に見つかりません。デバッグ情報がないものとして、オブジェクトにリンクします。
libtiff.lib(tif_write.obj) : warning LNK4099: PDB 'vc140.pdb' が 'libtiff.lib(tif_write.obj)' で、または 'E:\3DAirHockey\AirHockey\proj.win32\Debug.win32\vc140.pdb' に見つかりません。デバッグ情報がないものとして、オブジェクトにリンクします。
libtiff.lib(tif_win32.obj) : warning LNK4099: PDB 'vc140.pdb' が 'libtiff.lib(tif_win32.obj)' で、または 'E:\3DAirHockey\AirHockey\proj.win32\Debug.win32\vc140.pdb' に見つかりません。デバッグ情報がないものとして、オブジェクトにリンクします。
libchipmunk.lib(chipmunk.obj) : warning LNK4099: PDB 'chipmunk_static.pdb' が 'libchipmunk.lib(chipmunk.obj)' で、または 'E:\3DAirHockey\AirHockey\proj.win32\Debug.win32\chipmunk_static.pdb' に見つかりません。デバッグ情報がないものとして、オブジェクトにリンクします。
libchipmunk.lib(cpArbiter.obj) : warning LNK4099: PDB 'chipmunk_static.pdb' が 'libchipmunk.lib(cpArbiter.obj)' で、または 'E:\3DAirHockey\AirHockey\proj.win32\Debug.win32\chipmunk_static.pdb' に見つかりません。デバッグ情報がないものとして、オブジェクトにリンクします。
libchipmunk.lib(cpArray.obj) : warning LNK4099: PDB 'chipmunk_static.pdb' が 'libchipmunk.lib(cpArray.obj)' で、または 'E:\3DAirHockey\AirHockey\proj.win32\Debug.win32\chipmunk_static.pdb' に見つかりません。デバッグ情報がないものとして、オブジェクトにリンクします。
libchipmunk.lib(cpBBTree.obj) : warning LNK4099: PDB 'chipmunk_static.pdb' が 'libchipmunk.lib(cpBBTree.obj)' で、または 'E:\3DAirHockey\AirHockey\proj.win32\Debug.win32\chipmunk_static.pdb' に見つかりません。デバッグ情報がないものとして、オブジェクトにリンクします。
libchipmunk.lib(cpBody.obj) : warning LNK4099: PDB 'chipmunk_static.pdb' が 'libchipmunk.lib(cpBody.obj)' で、または 'E:\3DAirHockey\AirHockey\proj.win32\Debug.win32\chipmunk_static.pdb' に見つかりません。デバッグ情報がないものとして、オブジェクトにリンクします。
libchipmunk.lib(cpCollision.obj) : warning LNK4099: PDB 'chipmunk_static.pdb' が 'libchipmunk.lib(cpCollision.obj)' で、または 'E:\3DAirHockey\AirHockey\proj.win32\Debug.win32\chipmunk_static.pdb' に見つかりません。デバッグ情報がないものとして、オブジェクトにリンクします。
libchipmunk.lib(cpConstraint.obj) : warning LNK4099: PDB 'chipmunk_static.pdb' が 'libchipmunk.lib(cpConstraint.obj)' で、または 'E:\3DAirHockey\AirHockey\proj.win32\Debug.win32\chipmunk_static.pdb' に見つかりません。デバッグ情報がないものとして、オブジェクトにリンクします。
libchipmunk.lib(cpDampedRotarySpring.obj) : warning LNK4099: PDB 'chipmunk_static.pdb' が 'libchipmunk.lib(cpDampedRotarySpring.obj)' で、または 'E:\3DAirHockey\AirHockey\proj.win32\Debug.win32\chipmunk_static.pdb' に見つかりません。デバッグ情報がないものとして、オブジェクトにリンクします。
libchipmunk.lib(cpDampedSpring.obj) : warning LNK4099: PDB 'chipmunk_static.pdb' が 'libchipmunk.lib(cpDampedSpring.obj)' で、または 'E:\3DAirHockey\AirHockey\proj.win32\Debug.win32\chipmunk_static.pdb' に見つかりません。デバッグ情報がないものとして、オブジェクトにリンクします。
libchipmunk.lib(cpGearJoint.obj) : warning LNK4099: PDB 'chipmunk_static.pdb' が 'libchipmunk.lib(cpGearJoint.obj)' で、または 'E:\3DAirHockey\AirHockey\proj.win32\Debug.win32\chipmunk_static.pdb' に見つかりません。デバッグ情報がないものとして、オブジェクトにリンクします。
libchipmunk.lib(cpGrooveJoint.obj) : warning LNK4099: PDB 'chipmunk_static.pdb' が 'libchipmunk.lib(cpGrooveJoint.obj)' で、または 'E:\3DAirHockey\AirHockey\proj.win32\Debug.win32\chipmunk_static.pdb' に見つかりません。デバッグ情報がないものとして、オブジェクトにリンクします。
libchipmunk.lib(cpHashSet.obj) : warning LNK4099: PDB 'chipmunk_static.pdb' が 'libchipmunk.lib(cpHashSet.obj)' で、または 'E:\3DAirHockey\AirHockey\proj.win32\Debug.win32\chipmunk_static.pdb' に見つかりません。デバッグ情報がないものとして、オブジェクトにリンクします。
libchipmunk.lib(cpPinJoint.obj) : warning LNK4099: PDB 'chipmunk_static.pdb' が 'libchipmunk.lib(cpPinJoint.obj)' で、または 'E:\3DAirHockey\AirHockey\proj.win32\Debug.win32\chipmunk_static.pdb' に見つかりません。デバッグ情報がないものとして、オブジェクトにリンクします。
libchipmunk.lib(cpPivotJoint.obj) : warning LNK4099: PDB 'chipmunk_static.pdb' が 'libchipmunk.lib(cpPivotJoint.obj)' で、または 'E:\3DAirHockey\AirHockey\proj.win32\Debug.win32\chipmunk_static.pdb' に見つかりません。デバッグ情報がないものとして、オブジェクトにリンクします。
libchipmunk.lib(cpPolyShape.obj) : warning LNK4099: PDB 'chipmunk_static.pdb' が 'libchipmunk.lib(cpPolyShape.obj)' で、または 'E:\3DAirHockey\AirHockey\proj.win32\Debug.win32\chipmunk_static.pdb' に見つかりません。デバッグ情報がないものとして、オブジェクトにリンクします。
libchipmunk.lib(cpRatchetJoint.obj) : warning LNK4099: PDB 'chipmunk_static.pdb' が 'libchipmunk.lib(cpRatchetJoint.obj)' で、または 'E:\3DAirHockey\AirHockey\proj.win32\Debug.win32\chipmunk_static.pdb' に見つかりません。デバッグ情報がないものとして、オブジェクトにリンクします。
libchipmunk.lib(cpRobust.obj) : warning LNK4099: PDB 'chipmunk_static.pdb' が 'libchipmunk.lib(cpRobust.obj)' で、または 'E:\3DAirHockey\AirHockey\proj.win32\Debug.win32\chipmunk_static.pdb' に見つかりません。デバッグ情報がないものとして、オブジェクトにリンクします。
libchipmunk.lib(cpRotaryLimitJoint.obj) : warning LNK4099: PDB 'chipmunk_static.pdb' が 'libchipmunk.lib(cpRotaryLimitJoint.obj)' で、または 'E:\3DAirHockey\AirHockey\proj.win32\Debug.win32\chipmunk_static.pdb' に見つかりません。デバッグ情報がないものとして、オブジェクトにリンクします。
libchipmunk.lib(cpShape.obj) : warning LNK4099: PDB 'chipmunk_static.pdb' が 'libchipmunk.lib(cpShape.obj)' で、または 'E:\3DAirHockey\AirHockey\proj.win32\Debug.win32\chipmunk_static.pdb' に見つかりません。デバッグ情報がないものとして、オブジェクトにリンクします。
libchipmunk.lib(cpSimpleMotor.obj) : warning LNK4099: PDB 'chipmunk_static.pdb' が 'libchipmunk.lib(cpSimpleMotor.obj)' で、または 'E:\3DAirHockey\AirHockey\proj.win32\Debug.win32\chipmunk_static.pdb' に見つかりません。デバッグ情報がないものとして、オブジェクトにリンクします。
libchipmunk.lib(cpSlideJoint.obj) : warning LNK4099: PDB 'chipmunk_static.pdb' が 'libchipmunk.lib(cpSlideJoint.obj)' で、または 'E:\3DAirHockey\AirHockey\proj.win32\Debug.win32\chipmunk_static.pdb' に見つかりません。デバッグ情報がないものとして、オブジェクトにリンクします。
libchipmunk.lib(cpSpace.obj) : warning LNK4099: PDB 'chipmunk_static.pdb' が 'libchipmunk.lib(cpSpace.obj)' で、または 'E:\3DAirHockey\AirHockey\proj.win32\Debug.win32\chipmunk_static.pdb' に見つかりません。デバッグ情報がないものとして、オブジェクトにリンクします。
libchipmunk.lib(cpSpaceComponent.obj) : warning LNK4099: PDB 'chipmunk_static.pdb' が 'libchipmunk.lib(cpSpaceComponent.obj)' で、または 'E:\3DAirHockey\AirHockey\proj.win32\Debug.win32\chipmunk_static.pdb' に見つかりません。デバッグ情報がないものとして、オブジェクトにリンクします。
libchipmunk.lib(cpSpaceDebug.obj) : warning LNK4099: PDB 'chipmunk_static.pdb' が 'libchipmunk.lib(cpSpaceDebug.obj)' で、または 'E:\3DAirHockey\AirHockey\proj.win32\Debug.win32\chipmunk_static.pdb' に見つかりません。デバッグ情報がないものとして、オブジェクトにリンクします。
libchipmunk.lib(cpSpaceHash.obj) : warning LNK4099: PDB 'chipmunk_static.pdb' が 'libchipmunk.lib(cpSpaceHash.obj)' で、または 'E:\3DAirHockey\AirHockey\proj.win32\Debug.win32\chipmunk_static.pdb' に見つかりません。デバッグ情報がないものとして、オブジェクトにリンクします。
libchipmunk.lib(cpSpaceQuery.obj) : warning LNK4099: PDB 'chipmunk_static.pdb' が 'libchipmunk.lib(cpSpaceQuery.obj)' で、または 'E:\3DAirHockey\AirHockey\proj.win32\Debug.win32\chipmunk_static.pdb' に見つかりません。デバッグ情報がないものとして、オブジェクトにリンクします。
libchipmunk.lib(cpSpaceStep.obj) : warning LNK4099: PDB 'chipmunk_static.pdb' が 'libchipmunk.lib(cpSpaceStep.obj)' で、または 'E:\3DAirHockey\AirHockey\proj.win32\Debug.win32\chipmunk_static.pdb' に見つかりません。デバッグ情報がないものとして、オブジェクトにリンクします。
libchipmunk.lib(cpSpatialIndex.obj) : warning LNK4099: PDB 'chipmunk_static.pdb' が 'libchipmunk.lib(cpSpatialIndex.obj)' で、または 'E:\3DAirHockey\AirHockey\proj.win32\Debug.win32\chipmunk_static.pdb' に見つかりません。デバッグ情報がないものとして、オブジェクトにリンクします。
libbullet.lib(btCollisionAlgorithm.obj) : warning LNK4099: PDB 'libbullet.pdb' が 'libbullet.lib(btCollisionAlgorithm.obj)' で、または 'E:\3DAirHockey\AirHockey\proj.win32\Debug.win32\libbullet.pdb' に見つかりません。デバッグ情報がないものとして、オブジェクトにリンクします。
libbullet.lib(btDbvt.obj) : warning LNK4099: PDB 'libbullet.pdb' が 'libbullet.lib(btDbvt.obj)' で、または 'E:\3DAirHockey\AirHockey\proj.win32\Debug.win32\libbullet.pdb' に見つかりません。デバッグ情報がないものとして、オブジェクトにリンクします。
libbullet.lib(btDbvtBroadphase.obj) : warning LNK4099: PDB 'libbullet.pdb' が 'libbullet.lib(btDbvtBroadphase.obj)' で、または 'E:\3DAirHockey\AirHockey\proj.win32\Debug.win32\libbullet.pdb' に見つかりません。デバッグ情報がないものとして、オブジェクトにリンクします。
libbullet.lib(btDispatcher.obj) : warning LNK4099: PDB 'libbullet.pdb' が 'libbullet.lib(btDispatcher.obj)' で、または 'E:\3DAirHockey\AirHockey\proj.win32\Debug.win32\libbullet.pdb' に見つかりません。デバッグ情報がないものとして、オブジェクトにリンクします。
libbullet.lib(btOverlappingPairCache.obj) : warning LNK4099: PDB 'libbullet.pdb' が 'libbullet.lib(btOverlappingPairCache.obj)' で、または 'E:\3DAirHockey\AirHockey\proj.win32\Debug.win32\libbullet.pdb' に見つかりません。デバッグ情報がないものとして、オブジェクトにリンクします。
libbullet.lib(btQuantizedBvh.obj) : warning LNK4099: PDB 'libbullet.pdb' が 'libbullet.lib(btQuantizedBvh.obj)' で、または 'E:\3DAirHockey\AirHockey\proj.win32\Debug.win32\libbullet.pdb' に見つかりません。デバッグ情報がないものとして、オブジェクトにリンクします。
libbullet.lib(btActivatingCollisionAlgorithm.obj) : warning LNK4099: PDB 'libbullet.pdb' が 'libbullet.lib(btActivatingCollisionAlgorithm.obj)' で、または 'E:\3DAirHockey\AirHockey\proj.win32\Debug.win32\libbullet.pdb' に見つかりません。デバッグ情報がないものとして、オブジェクトにリンクします。
libbullet.lib(btBoxBoxCollisionAlgorithm.obj) : warning LNK4099: PDB 'libbullet.pdb' が 'libbullet.lib(btBoxBoxCollisionAlgorithm.obj)' で、または 'E:\3DAirHockey\AirHockey\proj.win32\Debug.win32\libbullet.pdb' に見つかりません。デバッグ情報がないものとして、オブジェクトにリンクします。
libbullet.lib(btBoxBoxDetector.obj) : warning LNK4099: PDB 'libbullet.pdb' が 'libbullet.lib(btBoxBoxDetector.obj)' で、または 'E:\3DAirHockey\AirHockey\proj.win32\Debug.win32\libbullet.pdb' に見つかりません。デバッグ情報がないものとして、オブジェクトにリンクします。
libbullet.lib(btCollisionDispatcher.obj) : warning LNK4099: PDB 'libbullet.pdb' が 'libbullet.lib(btCollisionDispatcher.obj)' で、または 'E:\3DAirHockey\AirHockey\proj.win32\Debug.win32\libbullet.pdb' に見つかりません。デバッグ情報がないものとして、オブジェクトにリンクします。
libbullet.lib(btCollisionObject.obj) : warning LNK4099: PDB 'libbullet.pdb' が 'libbullet.lib(btCollisionObject.obj)' で、または 'E:\3DAirHockey\AirHockey\proj.win32\Debug.win32\libbullet.pdb' に見つかりません。デバッグ情報がないものとして、オブジェクトにリンクします。
libbullet.lib(btCollisionWorld.obj) : warning LNK4099: PDB 'libbullet.pdb' が 'libbullet.lib(btCollisionWorld.obj)' で、または 'E:\3DAirHockey\AirHockey\proj.win32\Debug.win32\libbullet.pdb' に見つかりません。デバッグ情報がないものとして、オブジェクトにリンクします。
libbullet.lib(btCompoundCollisionAlgorithm.obj) : warning LNK4099: PDB 'libbullet.pdb' が 'libbullet.lib(btCompoundCollisionAlgorithm.obj)' で、または 'E:\3DAirHockey\AirHockey\proj.win32\Debug.win32\libbullet.pdb' に見つかりません。デバッグ情報がないものとして、オブジェクトにリンクします。
libbullet.lib(btCompoundCompoundCollisionAlgorithm.obj) : warning LNK4099: PDB 'libbullet.pdb' が 'libbullet.lib(btCompoundCompoundCollisionAlgorithm.obj)' で、または 'E:\3DAirHockey\AirHockey\proj.win32\Debug.win32\libbullet.pdb' に見つかりません。デバッグ情報がないものとして、オブジェクトにリンクします。
libbullet.lib(btConvexConcaveCollisionAlgorithm.obj) : warning LNK4099: PDB 'libbullet.pdb' が 'libbullet.lib(btConvexConcaveCollisionAlgorithm.obj)' で、または 'E:\3DAirHockey\AirHockey\proj.win32\Debug.win32\libbullet.pdb' に見つかりません。デバッグ情報がないものとして、オブジェクトにリンクします。
libbullet.lib(btConvexConvexAlgorithm.obj) : warning LNK4099: PDB 'libbullet.pdb' が 'libbullet.lib(btConvexConvexAlgorithm.obj)' で、または 'E:\3DAirHockey\AirHockey\proj.win32\Debug.win32\libbullet.pdb' に見つかりません。デバッグ情報がないものとして、オブジェクトにリンクします。
libbullet.lib(btConvexPlaneCollisionAlgorithm.obj) : warning LNK4099: PDB 'libbullet.pdb' が 'libbullet.lib(btConvexPlaneCollisionAlgorithm.obj)' で、または 'E:\3DAirHockey\AirHockey\proj.win32\Debug.win32\libbullet.pdb' に見つかりません。デバッグ情報がないものとして、オブジェクトにリンクします。
libbullet.lib(btDefaultCollisionConfiguration.obj) : warning LNK4099: PDB 'libbullet.pdb' が 'libbullet.lib(btDefaultCollisionConfiguration.obj)' で、または 'E:\3DAirHockey\AirHockey\proj.win32\Debug.win32\libbullet.pdb' に見つかりません。デバッグ情報がないものとして、オブジェクトにリンクします。
libbullet.lib(btEmptyCollisionAlgorithm.obj) : warning LNK4099: PDB 'libbullet.pdb' が 'libbullet.lib(btEmptyCollisionAlgorithm.obj)' で、または 'E:\3DAirHockey\AirHockey\proj.win32\Debug.win32\libbullet.pdb' に見つかりません。デバッグ情報がないものとして、オブジェクトにリンクします。
libbullet.lib(btGhostObject.obj) : warning LNK4099: PDB 'libbullet.pdb' が 'libbullet.lib(btGhostObject.obj)' で、または 'E:\3DAirHockey\AirHockey\proj.win32\Debug.win32\libbullet.pdb' に見つかりません。デバッグ情報がないものとして、オブジェクトにリンクします。
libbullet.lib(btHashedSimplePairCache.obj) : warning LNK4099: PDB 'libbullet.pdb' が 'libbullet.lib(btHashedSimplePairCache.obj)' で、または 'E:\3DAirHockey\AirHockey\proj.win32\Debug.win32\libbullet.pdb' に見つかりません。デバッグ情報がないものとして、オブジェクトにリンクします。
libbullet.lib(btManifoldResult.obj) : warning LNK4099: PDB 'libbullet.pdb' が 'libbullet.lib(btManifoldResult.obj)' で、または 'E:\3DAirHockey\AirHockey\proj.win32\Debug.win32\libbullet.pdb' に見つかりません。デバッグ情報がないものとして、オブジェクトにリンクします。
libbullet.lib(btSimulationIslandManager.obj) : warning LNK4099: PDB 'libbullet.pdb' が 'libbullet.lib(btSimulationIslandManager.obj)' で、または 'E:\3DAirHockey\AirHockey\proj.win32\Debug.win32\libbullet.pdb' に見つかりません。デバッグ情報がないものとして、オブジェクトにリンクします。
libbullet.lib(btSphereSphereCollisionAlgorithm.obj) : warning LNK4099: PDB 'libbullet.pdb' が 'libbullet.lib(btSphereSphereCollisionAlgorithm.obj)' で、または 'E:\3DAirHockey\AirHockey\proj.win32\Debug.win32\libbullet.pdb' に見つかりません。デバッグ情報がないものとして、オブジェクトにリンクします。
libbullet.lib(btSphereTriangleCollisionAlgorithm.obj) : warning LNK4099: PDB 'libbullet.pdb' が 'libbullet.lib(btSphereTriangleCollisionAlgorithm.obj)' で、または 'E:\3DAirHockey\AirHockey\proj.win32\Debug.win32\libbullet.pdb' に見つかりません。デバッグ情報がないものとして、オブジェクトにリンクします。
libbullet.lib(btUnionFind.obj) : warning LNK4099: PDB 'libbullet.pdb' が 'libbullet.lib(btUnionFind.obj)' で、または 'E:\3DAirHockey\AirHockey\proj.win32\Debug.win32\libbullet.pdb' に見つかりません。デバッグ情報がないものとして、オブジェクトにリンクします。
libbullet.lib(SphereTriangleDetector.obj) : warning LNK4099: PDB 'libbullet.pdb' が 'libbullet.lib(SphereTriangleDetector.obj)' で、または 'E:\3DAirHockey\AirHockey\proj.win32\Debug.win32\libbullet.pdb' に見つかりません。デバッグ情報がないものとして、オブジェクトにリンクします。
libbullet.lib(btBoxShape.obj) : warning LNK4099: PDB 'libbullet.pdb' が 'libbullet.lib(btBoxShape.obj)' で、または 'E:\3DAirHockey\AirHockey\proj.win32\Debug.win32\libbullet.pdb' に見つかりません。デバッグ情報がないものとして、オブジェクトにリンクします。
libbullet.lib(btBvhTriangleMeshShape.obj) : warning LNK4099: PDB 'libbullet.pdb' が 'libbullet.lib(btBvhTriangleMeshShape.obj)' で、または 'E:\3DAirHockey\AirHockey\proj.win32\Debug.win32\libbullet.pdb' に見つかりません。デバッグ情報がないものとして、オブジェクトにリンクします。
libbullet.lib(btCapsuleShape.obj) : warning LNK4099: PDB 'libbullet.pdb' が 'libbullet.lib(btCapsuleShape.obj)' で、または 'E:\3DAirHockey\AirHockey\proj.win32\Debug.win32\libbullet.pdb' に見つかりません。デバッグ情報がないものとして、オブジェクトにリンクします。
libbullet.lib(btCollisionShape.obj) : warning LNK4099: PDB 'libbullet.pdb' が 'libbullet.lib(btCollisionShape.obj)' で、または 'E:\3DAirHockey\AirHockey\proj.win32\Debug.win32\libbullet.pdb' に見つかりません。デバッグ情報がないものとして、オブジェクトにリンクします。
libbullet.lib(btCompoundShape.obj) : warning LNK4099: PDB 'libbullet.pdb' が 'libbullet.lib(btCompoundShape.obj)' で、または 'E:\3DAirHockey\AirHockey\proj.win32\Debug.win32\libbullet.pdb' に見つかりません。デバッグ情報がないものとして、オブジェクトにリンクします。
libbullet.lib(btConcaveShape.obj) : warning LNK4099: PDB 'libbullet.pdb' が 'libbullet.lib(btConcaveShape.obj)' で、または 'E:\3DAirHockey\AirHockey\proj.win32\Debug.win32\libbullet.pdb' に見つかりません。デバッグ情報がないものとして、オブジェクトにリンクします。
libbullet.lib(btConvexHullShape.obj) : warning LNK4099: PDB 'libbullet.pdb' が 'libbullet.lib(btConvexHullShape.obj)' で、または 'E:\3DAirHockey\AirHockey\proj.win32\Debug.win32\libbullet.pdb' に見つかりません。デバッグ情報がないものとして、オブジェクトにリンクします。
libbullet.lib(btConvexInternalShape.obj) : warning LNK4099: PDB 'libbullet.pdb' が 'libbullet.lib(btConvexInternalShape.obj)' で、または 'E:\3DAirHockey\AirHockey\proj.win32\Debug.win32\libbullet.pdb' に見つかりません。デバッグ情報がないものとして、オブジェクトにリンクします。
libbullet.lib(btConvexPolyhedron.obj) : warning LNK4099: PDB 'libbullet.pdb' が 'libbullet.lib(btConvexPolyhedron.obj)' で、または 'E:\3DAirHockey\AirHockey\proj.win32\Debug.win32\libbullet.pdb' に見つかりません。デバッグ情報がないものとして、オブジェクトにリンクします。
libbullet.lib(btConvexShape.obj) : warning LNK4099: PDB 'libbullet.pdb' が 'libbullet.lib(btConvexShape.obj)' で、または 'E:\3DAirHockey\AirHockey\proj.win32\Debug.win32\libbullet.pdb' に見つかりません。デバッグ情報がないものとして、オブジェクトにリンクします。
libbullet.lib(btCylinderShape.obj) : warning LNK4099: PDB 'libbullet.pdb' が 'libbullet.lib(btCylinderShape.obj)' で、または 'E:\3DAirHockey\AirHockey\proj.win32\Debug.win32\libbullet.pdb' に見つかりません。デバッグ情報がないものとして、オブジェクトにリンクします。
libbullet.lib(btHeightfieldTerrainShape.obj) : warning LNK4099: PDB 'libbullet.pdb' が 'libbullet.lib(btHeightfieldTerrainShape.obj)' で、または 'E:\3DAirHockey\AirHockey\proj.win32\Debug.win32\libbullet.pdb' に見つかりません。デバッグ情報がないものとして、オブジェクトにリンクします。
libbullet.lib(btOptimizedBvh.obj) : warning LNK4099: PDB 'libbullet.pdb' が 'libbullet.lib(btOptimizedBvh.obj)' で、または 'E:\3DAirHockey\AirHockey\proj.win32\Debug.win32\libbullet.pdb' に見つかりません。デバッグ情報がないものとして、オブジェクトにリンクします。
libbullet.lib(btPolyhedralConvexShape.obj) : warning LNK4099: PDB 'libbullet.pdb' が 'libbullet.lib(btPolyhedralConvexShape.obj)' で、または 'E:\3DAirHockey\AirHockey\proj.win32\Debug.win32\libbullet.pdb' に見つかりません。デバッグ情報がないものとして、オブジェクトにリンクします。
libbullet.lib(btSphereShape.obj) : warning LNK4099: PDB 'libbullet.pdb' が 'libbullet.lib(btSphereShape.obj)' で、または 'E:\3DAirHockey\AirHockey\proj.win32\Debug.win32\libbullet.pdb' に見つかりません。デバッグ情報がないものとして、オブジェクトにリンクします。
libbullet.lib(btStridingMeshInterface.obj) : warning LNK4099: PDB 'libbullet.pdb' が 'libbullet.lib(btStridingMeshInterface.obj)' で、または 'E:\3DAirHockey\AirHockey\proj.win32\Debug.win32\libbullet.pdb' に見つかりません。デバッグ情報がないものとして、オブジェクトにリンクします。
libbullet.lib(btTriangleCallback.obj) : warning LNK4099: PDB 'libbullet.pdb' が 'libbullet.lib(btTriangleCallback.obj)' で、または 'E:\3DAirHockey\AirHockey\proj.win32\Debug.win32\libbullet.pdb' に見つかりません。デバッグ情報がないものとして、オブジェクトにリンクします。
libbullet.lib(btTriangleIndexVertexArray.obj) : warning LNK4099: PDB 'libbullet.pdb' が 'libbullet.lib(btTriangleIndexVertexArray.obj)' で、または 'E:\3DAirHockey\AirHockey\proj.win32\Debug.win32\libbullet.pdb' に見つかりません。デバッグ情報がないものとして、オブジェクトにリンクします。
libbullet.lib(btTriangleMesh.obj) : warning LNK4099: PDB 'libbullet.pdb' が 'libbullet.lib(btTriangleMesh.obj)' で、または 'E:\3DAirHockey\AirHockey\proj.win32\Debug.win32\libbullet.pdb' に見つかりません。デバッグ情報がないものとして、オブジェクトにリンクします。
libbullet.lib(btTriangleMeshShape.obj) : warning LNK4099: PDB 'libbullet.pdb' が 'libbullet.lib(btTriangleMeshShape.obj)' で、または 'E:\3DAirHockey\AirHockey\proj.win32\Debug.win32\libbullet.pdb' に見つかりません。デバッグ情報がないものとして、オブジェクトにリンクします。
libbullet.lib(btContinuousConvexCollision.obj) : warning LNK4099: PDB 'libbullet.pdb' が 'libbullet.lib(btContinuousConvexCollision.obj)' で、または 'E:\3DAirHockey\AirHockey\proj.win32\Debug.win32\libbullet.pdb' に見つかりません。デバッグ情報がないものとして、オブジェクトにリンクします。
libbullet.lib(btConvexCast.obj) : warning LNK4099: PDB 'libbullet.pdb' が 'libbullet.lib(btConvexCast.obj)' で、または 'E:\3DAirHockey\AirHockey\proj.win32\Debug.win32\libbullet.pdb' に見つかりません。デバッグ情報がないものとして、オブジェクトにリンクします。
libbullet.lib(btGjkConvexCast.obj) : warning LNK4099: PDB 'libbullet.pdb' が 'libbullet.lib(btGjkConvexCast.obj)' で、または 'E:\3DAirHockey\AirHockey\proj.win32\Debug.win32\libbullet.pdb' に見つかりません。デバッグ情報がないものとして、オブジェクトにリンクします。
libbullet.lib(btGjkEpa2.obj) : warning LNK4099: PDB 'libbullet.pdb' が 'libbullet.lib(btGjkEpa2.obj)' で、または 'E:\3DAirHockey\AirHockey\proj.win32\Debug.win32\libbullet.pdb' に見つかりません。デバッグ情報がないものとして、オブジェクトにリンクします。
libbullet.lib(btGjkEpaPenetrationDepthSolver.obj) : warning LNK4099: PDB 'libbullet.pdb' が 'libbullet.lib(btGjkEpaPenetrationDepthSolver.obj)' で、または 'E:\3DAirHockey\AirHockey\proj.win32\Debug.win32\libbullet.pdb' に見つかりません。デバッグ情報がないものとして、オブジェクトにリンクします。
libbullet.lib(btGjkPairDetector.obj) : warning LNK4099: PDB 'libbullet.pdb' が 'libbullet.lib(btGjkPairDetector.obj)' で、または 'E:\3DAirHockey\AirHockey\proj.win32\Debug.win32\libbullet.pdb' に見つかりません。デバッグ情報がないものとして、オブジェクトにリンクします。
libbullet.lib(btMinkowskiPenetrationDepthSolver.obj) : warning LNK4099: PDB 'libbullet.pdb' が 'libbullet.lib(btMinkowskiPenetrationDepthSolver.obj)' で、または 'E:\3DAirHockey\AirHockey\proj.win32\Debug.win32\libbullet.pdb' に見つかりません。デバッグ情報がないものとして、オブジェクトにリンクします。
libbullet.lib(btPersistentManifold.obj) : warning LNK4099: PDB 'libbullet.pdb' が 'libbullet.lib(btPersistentManifold.obj)' で、または 'E:\3DAirHockey\AirHockey\proj.win32\Debug.win32\libbullet.pdb' に見つかりません。デバッグ情報がないものとして、オブジェクトにリンクします。
libbullet.lib(btPolyhedralContactClipping.obj) : warning LNK4099: PDB 'libbullet.pdb' が 'libbullet.lib(btPolyhedralContactClipping.obj)' で、または 'E:\3DAirHockey\AirHockey\proj.win32\Debug.win32\libbullet.pdb' に見つかりません。デバッグ情報がないものとして、オブジェクトにリンクします。
libbullet.lib(btRaycastCallback.obj) : warning LNK4099: PDB 'libbullet.pdb' が 'libbullet.lib(btRaycastCallback.obj)' で、または 'E:\3DAirHockey\AirHockey\proj.win32\Debug.win32\libbullet.pdb' に見つかりません。デバッグ情報がないものとして、オブジェクトにリンクします。
libbullet.lib(btSubSimplexConvexCast.obj) : warning LNK4099: PDB 'libbullet.pdb' が 'libbullet.lib(btSubSimplexConvexCast.obj)' で、または 'E:\3DAirHockey\AirHockey\proj.win32\Debug.win32\libbullet.pdb' に見つかりません。デバッグ情報がないものとして、オブジェクトにリンクします。
libbullet.lib(btVoronoiSimplexSolver.obj) : warning LNK4099: PDB 'libbullet.pdb' が 'libbullet.lib(btVoronoiSimplexSolver.obj)' で、または 'E:\3DAirHockey\AirHockey\proj.win32\Debug.win32\libbullet.pdb' に見つかりません。デバッグ情報がないものとして、オブジェクトにリンクします。
libbullet.lib(btConeTwistConstraint.obj) : warning LNK4099: PDB 'libbullet.pdb' が 'libbullet.lib(btConeTwistConstraint.obj)' で、または 'E:\3DAirHockey\AirHockey\proj.win32\Debug.win32\libbullet.pdb' に見つかりません。デバッグ情報がないものとして、オブジェクトにリンクします。
libbullet.lib(btGeneric6DofConstraint.obj) : warning LNK4099: PDB 'libbullet.pdb' が 'libbullet.lib(btGeneric6DofConstraint.obj)' で、または 'E:\3DAirHockey\AirHockey\proj.win32\Debug.win32\libbullet.pdb' に見つかりません。デバッグ情報がないものとして、オブジェクトにリンクします。
libbullet.lib(btHingeConstraint.obj) : warning LNK4099: PDB 'libbullet.pdb' が 'libbullet.lib(btHingeConstraint.obj)' で、または 'E:\3DAirHockey\AirHockey\proj.win32\Debug.win32\libbullet.pdb' に見つかりません。デバッグ情報がないものとして、オブジェクトにリンクします。
libbullet.lib(btPoint2PointConstraint.obj) : warning LNK4099: PDB 'libbullet.pdb' が 'libbullet.lib(btPoint2PointConstraint.obj)' で、または 'E:\3DAirHockey\AirHockey\proj.win32\Debug.win32\libbullet.pdb' に見つかりません。デバッグ情報がないものとして、オブジェクトにリンクします。
libbullet.lib(btSequentialImpulseConstraintSolver.obj) : warning LNK4099: PDB 'libbullet.pdb' が 'libbullet.lib(btSequentialImpulseConstraintSolver.obj)' で、または 'E:\3DAirHockey\AirHockey\proj.win32\Debug.win32\libbullet.pdb' に見つかりません。デバッグ情報がないものとして、オブジェクトにリンクします。
libbullet.lib(btSliderConstraint.obj) : warning LNK4099: PDB 'libbullet.pdb' が 'libbullet.lib(btSliderConstraint.obj)' で、または 'E:\3DAirHockey\AirHockey\proj.win32\Debug.win32\libbullet.pdb' に見つかりません。デバッグ情報がないものとして、オブジェクトにリンクします。
libbullet.lib(btTypedConstraint.obj) : warning LNK4099: PDB 'libbullet.pdb' が 'libbullet.lib(btTypedConstraint.obj)' で、または 'E:\3DAirHockey\AirHockey\proj.win32\Debug.win32\libbullet.pdb' に見つかりません。デバッグ情報がないものとして、オブジェクトにリンクします。
libbullet.lib(btDiscreteDynamicsWorld.obj) : warning LNK4099: PDB 'libbullet.pdb' が 'libbullet.lib(btDiscreteDynamicsWorld.obj)' で、または 'E:\3DAirHockey\AirHockey\proj.win32\Debug.win32\libbullet.pdb' に見つかりません。デバッグ情報がないものとして、オブジェクトにリンクします。
libbullet.lib(btRigidBody.obj) : warning LNK4099: PDB 'libbullet.pdb' が 'libbullet.lib(btRigidBody.obj)' で、または 'E:\3DAirHockey\AirHockey\proj.win32\Debug.win32\libbullet.pdb' に見つかりません。デバッグ情報がないものとして、オブジェクトにリンクします。
libbullet.lib(btAlignedAllocator.obj) : warning LNK4099: PDB 'libbullet.pdb' が 'libbullet.lib(btAlignedAllocator.obj)' で、または 'E:\3DAirHockey\AirHockey\proj.win32\Debug.win32\libbullet.pdb' に見つかりません。デバッグ情報がないものとして、オブジェクトにリンクします。
libbullet.lib(btConvexHullComputer.obj) : warning LNK4099: PDB 'libbullet.pdb' が 'libbullet.lib(btConvexHullComputer.obj)' で、または 'E:\3DAirHockey\AirHockey\proj.win32\Debug.win32\libbullet.pdb' に見つかりません。デバッグ情報がないものとして、オブジェクトにリンクします。
libbullet.lib(btGeometryUtil.obj) : warning LNK4099: PDB 'libbullet.pdb' が 'libbullet.lib(btGeometryUtil.obj)' で、または 'E:\3DAirHockey\AirHockey\proj.win32\Debug.win32\libbullet.pdb' に見つかりません。デバッグ情報がないものとして、オブジェクトにリンクします。
libbullet.lib(btQuickprof.obj) : warning LNK4099: PDB 'libbullet.pdb' が 'libbullet.lib(btQuickprof.obj)' で、または 'E:\3DAirHockey\AirHockey\proj.win32\Debug.win32\libbullet.pdb' に見つかりません。デバッグ情報がないものとして、オブジェクトにリンクします。
libbullet.lib(btVector3.obj) : warning LNK4099: PDB 'libbullet.pdb' が 'libbullet.lib(btVector3.obj)' で、または 'E:\3DAirHockey\AirHockey\proj.win32\Debug.win32\libbullet.pdb' に見つかりません。デバッグ情報がないものとして、オブジェクトにリンクします。
  libcocos2d.vcxproj -> E:\3DAirHockey\AirHockey\proj.win32\Debug.win32\libcocos2d.dll
